<?xml version="1.0" encoding="utf-8"?><testsuites><testsuite errors="0" failures="0" hostname="c5383e2afc0d" name="pytest" skipped="0" tests="7" time="0.381" timestamp="2023-10-31T01:48:13.572261"><testcase classname="test.rest.api_test.TestApi" name="test_api_add" time="0.009"></testcase><testcase classname="test.rest.api_test.TestApi" name="test_api_divide" time="0.005"></testcase><testcase classname="test.rest.api_test.TestApi" name="test_api_logarithm" time="0.004"></testcase><testcase classname="test.rest.api_test.TestApi" name="test_api_multiply" time="0.006"></testcase><testcase classname="test.rest.api_test.TestApi" name="test_api_power" time="0.006"></testcase><testcase classname="test.rest.api_test.TestApi" name="test_api_square_root" time="0.007"></testcase><testcase classname="test.rest.api_test.TestApi" name="test_api_substract" time="0.009"></testcase></testsuite></testsuites>