<?xml version="1.0" encoding="utf-8"?><testsuites><testsuite errors="0" failures="0" hostname="c21678b60614" name="pytest" skipped="0" tests="7" time="1.304" timestamp="2023-11-03T03:33:50.123243"><testcase classname="test.rest.api_test.TestApi" name="test_api_add" time="0.008"></testcase><testcase classname="test.rest.api_test.TestApi" name="test_api_divide" time="0.002"></testcase><testcase classname="test.rest.api_test.TestApi" name="test_api_logarithm_base_10" time="0.004"></testcase><testcase classname="test.rest.api_test.TestApi" name="test_api_multiply" time="0.004"></testcase><testcase classname="test.rest.api_test.TestApi" name="test_api_power" time="0.002"></testcase><testcase classname="test.rest.api_test.TestApi" name="test_api_square_root" time="0.002"></testcase><testcase classname="test.rest.api_test.TestApi" name="test_api_substract" time="0.003"></testcase></testsuite></testsuites>