<?xml version="1.0" encoding="utf-8"?><testsuites><testsuite errors="0" failures="0" hostname="8dbeafcc73bb" name="pytest" skipped="0" tests="12" time="0.499" timestamp="2023-10-31T00:55:56.566699"><testcase classname="test.unit.calc_test.TestCalculate" name="test_add_method_fails_with_nan_parameter" time="0.002"></testcase><testcase classname="test.unit.calc_test.TestCalculate" name="test_add_method_returns_correct_result" time="0.001"></testcase><testcase classname="test.unit.calc_test.TestCalculate" name="test_divide_method_fails_with_division_by_zero" time="0.001"></testcase><testcase classname="test.unit.calc_test.TestCalculate" name="test_divide_method_fails_with_nan_parameter" time="0.001"></testcase><testcase classname="test.unit.calc_test.TestCalculate" name="test_divide_method_returns_correct_result" time="0.001"></testcase><testcase classname="test.unit.calc_test.TestCalculate" name="test_logarithm_method_returns_correct_result" time="0.001"></testcase><testcase classname="test.unit.calc_test.TestCalculate" name="test_multiply_method_returns_correct_result" time="0.001"></testcase><testcase classname="test.unit.calc_test.TestCalculate" name="test_power_method_returns_correct_result" time="0.001"></testcase><testcase classname="test.unit.calc_test.TestCalculate" name="test_square_root_method_returns_correct_result" time="0.002"></testcase><testcase classname="test.unit.calc_test.TestCalculate" name="test_subtract_method_returns_correct_result" time="0.001"></testcase><testcase classname="test.unit.util_test.TestUtil" name="test_convert_to_number_correct_param" time="0.001"></testcase><testcase classname="test.unit.util_test.TestUtil" name="test_convert_to_number_invalid_type" time="0.001"></testcase></testsuite></testsuites>